<?xml version="1.0" encoding="UTF-8"?>
<!-- Generated by org.testng.reporters.JUnitReportReporter -->
<testsuite hostname="LAPTOP-7AQI2KGT" failures="0" tests="2" name="Factory.Lead" time="22.922" errors="0" timestamp="2025-04-01T17:29:50 IST" skipped="0">
  <testcase classname="Factory.Lead" name="createLead" time="10.117"/>
  <testcase classname="Factory.Lead" name="createLead" time="12.805"/>
</testsuite> <!-- Factory.Lead -->
