<?xml version="1.0" encoding="UTF-8"?>
<!-- Generated by org.testng.reporters.JUnitReportReporter -->
<testsuite hostname="LAPTOP-7AQI2KGT" failures="0" tests="3" name="TestNg.FirstTestCase" time="0.015" errors="0" timestamp="2025-03-25T09:38:18 IST" skipped="0">
  <testcase classname="TestNg.FirstTestCase" name="logout" time="0.012"/>
  <testcase classname="TestNg.FirstTestCase" name="Login" time="0.001"/>
  <testcase classname="TestNg.FirstTestCase" name="openapp" time="0.002"/>
</testsuite> <!-- TestNg.FirstTestCase -->
