<?xml version="1.0" encoding="UTF-8"?>
<!-- Generated by org.testng.reporters.JUnitReportReporter -->
<testsuite hostname="LAPTOP-7AQI2KGT" failures="0" tests="1" name="TestNg.UpdateLeads" time="5.115" errors="0" timestamp="2025-03-29T11:36:57 IST" skipped="0">
  <testcase classname="TestNg.UpdateLeads" name="updateleads" time="5.115"/>
</testsuite> <!-- TestNg.UpdateLeads -->
