<?xml version="1.0" encoding="UTF-8"?>
<!-- Generated by org.testng.reporters.JUnitReportReporter -->
<testsuite hostname="LAPTOP-7AQI2KGT" failures="0" tests="3" name="login.Creds" time="1.687" errors="0" timestamp="2025-04-17T17:36:51 IST" skipped="0">
  <testcase classname="login.Creds" name="openURL" time="1.202"/>
  <testcase classname="login.Creds" name="Credentials" time="0.330"/>
  <testcase classname="login.Creds" name="submiy" time="0.155"/>
</testsuite> <!-- login.Creds -->
