<?xml version="1.0" encoding="UTF-8"?>
<!-- Generated by org.testng.reporters.JUnitReportReporter -->
<testsuite hostname="LAPTOP-7AQI2KGT" failures="0" tests="1" name="Parameters.Login" time="3.822" errors="0" timestamp="2025-04-01T09:06:37 IST" skipped="0">
  <testcase classname="Parameters.Login" name="credentials" time="3.822"/>
</testsuite> <!-- Parameters.Login -->
