<?xml version="1.0" encoding="UTF-8"?>
<!-- Generated by org.testng.reporters.JUnitReportReporter -->
<testsuite hostname="LAPTOP-7AQI2KGT" failures="0" tests="3" name="TestNg.CRMLogin" time="2.504" errors="0" timestamp="2025-03-25T10:05:51 IST" skipped="0">
  <testcase classname="TestNg.CRMLogin" name="openURL" time="2.075"/>
  <testcase classname="TestNg.CRMLogin" name="Credentials" time="0.315"/>
  <testcase classname="TestNg.CRMLogin" name="submit" time="0.114"/>
</testsuite> <!-- TestNg.CRMLogin -->
